0	1	mikroCPIC32.exe -MSF -DBG -pP32MX795F512L -DL -SSA -EBASE 0x9FC01000 -INTDEF MV_SRS7_IS32 -O11111114 -fo80 -N"C:\Users\paulo.santos\Desktop\Versões_2018 - Cópia\FirmwareIHM_v1_0\FirmwareIHM_v1_0_Code\mikroC PRO for PIC32\FirmwareIHM_v1_0.mcp32" -SP"C:\Users\paulo.santos\Documents\Mikroelektronika\mikroC PRO for PIC32\Defs\" -SP"C:\Users\paulo.santos\Documents\Mikroelektronika\mikroC PRO for PIC32\Uses\" -SP"C:\Users\paulo.santos\Desktop\Versões_2018 - Cópia\FirmwareIHM_v1_0\FirmwareIHM_v1_0_Code\mikroC PRO for PIC32\" -IP"C:\Users\paulo.santos\Documents\Mikroelektronika\mikroC PRO for PIC32\Uses\" -IP"C:\Users\paulo.santos\Desktop\Versões_2018 - Cópia\FirmwareIHM_v1_0\FirmwareIHM_v1_0_Code\mikroC PRO for PIC32\" "FirmwareIHM_v1_0_main.c" "FirmwareIHM_v1_0_events_code.c" "FirmwareIHM_v1_0_driver.c" "FirmwareIHM_v1_0_resources.c" "__Lib_CP0.emcl" "__Lib_Math.emcl" "__Lib_MathDouble.emcl" "__Lib_System.emcl" "__Lib_SoftResetDma.emcl" "__Lib_Delays.emcl" "__Lib_CType.emcl" "__Lib_CString.emcl" "__Lib_CStdlib.emcl" "__Lib_Conversions.emcl" "__Lib_ADC.emcl" "__Lib_TFT.emcl" "__Lib_TFT_Defs.emcl" "__Lib_TouchPanel_TFT.emcl"	 
diagnostics: 0	122	Compilation Started	firmwareihm_v1_0_objects.h
diagnostics: 36	123	Compiled Successfully	FirmwareIHM_v1_0_main.c
hint: 111	1164	Variable 'password_TESTE' has been eliminated by optimizer	FirmwareIHM_v1_0_main.c
diagnostics: 0	122	Compilation Started	firmwareihm_v1_0_objects.h
diagnostics: 442	123	Compiled Successfully	FirmwareIHM_v1_0_events_code.c
diagnostics: 0	122	Compilation Started	firmwareihm_v1_0_objects.h
warning: 195	1506	Implicit conversion of pointer to int	FirmwareIHM_v1_0_driver.c
warning: 195	1506	Implicit conversion of pointer to int	FirmwareIHM_v1_0_driver.c
warning: 195	1506	Implicit conversion of pointer to int	FirmwareIHM_v1_0_driver.c
warning: 195	1506	Implicit conversion of pointer to int	FirmwareIHM_v1_0_driver.c
warning: 243	1506	Implicit conversion of pointer to int	FirmwareIHM_v1_0_driver.c
warning: 243	1506	Implicit conversion of pointer to int	FirmwareIHM_v1_0_driver.c
warning: 243	1506	Implicit conversion of pointer to int	FirmwareIHM_v1_0_driver.c
warning: 243	1506	Implicit conversion of pointer to int	FirmwareIHM_v1_0_driver.c
warning: 268	1506	Implicit conversion of pointer to int	FirmwareIHM_v1_0_driver.c
warning: 268	1506	Implicit conversion of pointer to int	FirmwareIHM_v1_0_driver.c
warning: 268	1506	Implicit conversion of pointer to int	FirmwareIHM_v1_0_driver.c
warning: 268	1506	Implicit conversion of pointer to int	FirmwareIHM_v1_0_driver.c
warning: 287	1506	Implicit conversion of pointer to int	FirmwareIHM_v1_0_driver.c
warning: 287	1506	Implicit conversion of pointer to int	FirmwareIHM_v1_0_driver.c
warning: 287	1506	Implicit conversion of pointer to int	FirmwareIHM_v1_0_driver.c
warning: 287	1506	Implicit conversion of pointer to int	FirmwareIHM_v1_0_driver.c
warning: 308	1506	Implicit conversion of pointer to int	FirmwareIHM_v1_0_driver.c
warning: 308	1506	Implicit conversion of pointer to int	FirmwareIHM_v1_0_driver.c
warning: 308	1506	Implicit conversion of pointer to int	FirmwareIHM_v1_0_driver.c
warning: 308	1506	Implicit conversion of pointer to int	FirmwareIHM_v1_0_driver.c
warning: 329	1506	Implicit conversion of pointer to int	FirmwareIHM_v1_0_driver.c
warning: 329	1506	Implicit conversion of pointer to int	FirmwareIHM_v1_0_driver.c
warning: 329	1506	Implicit conversion of pointer to int	FirmwareIHM_v1_0_driver.c
warning: 350	1506	Implicit conversion of pointer to int	FirmwareIHM_v1_0_driver.c
warning: 350	1506	Implicit conversion of pointer to int	FirmwareIHM_v1_0_driver.c
warning: 350	1506	Implicit conversion of pointer to int	FirmwareIHM_v1_0_driver.c
warning: 350	1506	Implicit conversion of pointer to int	FirmwareIHM_v1_0_driver.c
warning: 371	1506	Implicit conversion of pointer to int	FirmwareIHM_v1_0_driver.c
warning: 371	1506	Implicit conversion of pointer to int	FirmwareIHM_v1_0_driver.c
warning: 371	1506	Implicit conversion of pointer to int	FirmwareIHM_v1_0_driver.c
warning: 392	1506	Implicit conversion of pointer to int	FirmwareIHM_v1_0_driver.c
warning: 392	1506	Implicit conversion of pointer to int	FirmwareIHM_v1_0_driver.c
warning: 392	1506	Implicit conversion of pointer to int	FirmwareIHM_v1_0_driver.c
warning: 413	1506	Implicit conversion of pointer to int	FirmwareIHM_v1_0_driver.c
warning: 413	1506	Implicit conversion of pointer to int	FirmwareIHM_v1_0_driver.c
warning: 413	1506	Implicit conversion of pointer to int	FirmwareIHM_v1_0_driver.c
warning: 434	1506	Implicit conversion of pointer to int	FirmwareIHM_v1_0_driver.c
warning: 434	1506	Implicit conversion of pointer to int	FirmwareIHM_v1_0_driver.c
warning: 434	1506	Implicit conversion of pointer to int	FirmwareIHM_v1_0_driver.c
warning: 434	1506	Implicit conversion of pointer to int	FirmwareIHM_v1_0_driver.c
warning: 468	1506	Implicit conversion of pointer to int	FirmwareIHM_v1_0_driver.c
warning: 468	1506	Implicit conversion of pointer to int	FirmwareIHM_v1_0_driver.c
warning: 468	1506	Implicit conversion of pointer to int	FirmwareIHM_v1_0_driver.c
warning: 468	1506	Implicit conversion of pointer to int	FirmwareIHM_v1_0_driver.c
warning: 492	1506	Implicit conversion of pointer to int	FirmwareIHM_v1_0_driver.c
warning: 492	1506	Implicit conversion of pointer to int	FirmwareIHM_v1_0_driver.c
warning: 492	1506	Implicit conversion of pointer to int	FirmwareIHM_v1_0_driver.c
warning: 608	1506	Implicit conversion of pointer to int	FirmwareIHM_v1_0_driver.c
warning: 608	1506	Implicit conversion of pointer to int	FirmwareIHM_v1_0_driver.c
warning: 608	1506	Implicit conversion of pointer to int	FirmwareIHM_v1_0_driver.c
warning: 642	1506	Implicit conversion of pointer to int	FirmwareIHM_v1_0_driver.c
warning: 642	1506	Implicit conversion of pointer to int	FirmwareIHM_v1_0_driver.c
warning: 642	1506	Implicit conversion of pointer to int	FirmwareIHM_v1_0_driver.c
warning: 676	1506	Implicit conversion of pointer to int	FirmwareIHM_v1_0_driver.c
warning: 676	1506	Implicit conversion of pointer to int	FirmwareIHM_v1_0_driver.c
warning: 676	1506	Implicit conversion of pointer to int	FirmwareIHM_v1_0_driver.c
warning: 710	1506	Implicit conversion of pointer to int	FirmwareIHM_v1_0_driver.c
warning: 710	1506	Implicit conversion of pointer to int	FirmwareIHM_v1_0_driver.c
warning: 710	1506	Implicit conversion of pointer to int	FirmwareIHM_v1_0_driver.c
warning: 731	1506	Implicit conversion of pointer to int	FirmwareIHM_v1_0_driver.c
warning: 731	1506	Implicit conversion of pointer to int	FirmwareIHM_v1_0_driver.c
warning: 731	1506	Implicit conversion of pointer to int	FirmwareIHM_v1_0_driver.c
warning: 731	1506	Implicit conversion of pointer to int	FirmwareIHM_v1_0_driver.c
warning: 765	1506	Implicit conversion of pointer to int	FirmwareIHM_v1_0_driver.c
warning: 765	1506	Implicit conversion of pointer to int	FirmwareIHM_v1_0_driver.c
warning: 765	1506	Implicit conversion of pointer to int	FirmwareIHM_v1_0_driver.c
warning: 799	1506	Implicit conversion of pointer to int	FirmwareIHM_v1_0_driver.c
warning: 799	1506	Implicit conversion of pointer to int	FirmwareIHM_v1_0_driver.c
warning: 799	1506	Implicit conversion of pointer to int	FirmwareIHM_v1_0_driver.c
warning: 833	1506	Implicit conversion of pointer to int	FirmwareIHM_v1_0_driver.c
warning: 833	1506	Implicit conversion of pointer to int	FirmwareIHM_v1_0_driver.c
warning: 833	1506	Implicit conversion of pointer to int	FirmwareIHM_v1_0_driver.c
warning: 867	1506	Implicit conversion of pointer to int	FirmwareIHM_v1_0_driver.c
warning: 867	1506	Implicit conversion of pointer to int	FirmwareIHM_v1_0_driver.c
warning: 867	1506	Implicit conversion of pointer to int	FirmwareIHM_v1_0_driver.c
warning: 901	1506	Implicit conversion of pointer to int	FirmwareIHM_v1_0_driver.c
warning: 901	1506	Implicit conversion of pointer to int	FirmwareIHM_v1_0_driver.c
warning: 901	1506	Implicit conversion of pointer to int	FirmwareIHM_v1_0_driver.c
warning: 935	1506	Implicit conversion of pointer to int	FirmwareIHM_v1_0_driver.c
warning: 935	1506	Implicit conversion of pointer to int	FirmwareIHM_v1_0_driver.c
warning: 935	1506	Implicit conversion of pointer to int	FirmwareIHM_v1_0_driver.c
warning: 969	1506	Implicit conversion of pointer to int	FirmwareIHM_v1_0_driver.c
warning: 969	1506	Implicit conversion of pointer to int	FirmwareIHM_v1_0_driver.c
warning: 969	1506	Implicit conversion of pointer to int	FirmwareIHM_v1_0_driver.c
warning: 1003	1506	Implicit conversion of pointer to int	FirmwareIHM_v1_0_driver.c
warning: 1003	1506	Implicit conversion of pointer to int	FirmwareIHM_v1_0_driver.c
warning: 1003	1506	Implicit conversion of pointer to int	FirmwareIHM_v1_0_driver.c
warning: 1037	1506	Implicit conversion of pointer to int	FirmwareIHM_v1_0_driver.c
warning: 1037	1506	Implicit conversion of pointer to int	FirmwareIHM_v1_0_driver.c
warning: 1037	1506	Implicit conversion of pointer to int	FirmwareIHM_v1_0_driver.c
warning: 1064	1506	Implicit conversion of pointer to int	FirmwareIHM_v1_0_driver.c
warning: 1064	1506	Implicit conversion of pointer to int	FirmwareIHM_v1_0_driver.c
warning: 1064	1506	Implicit conversion of pointer to int	FirmwareIHM_v1_0_driver.c
warning: 1064	1506	Implicit conversion of pointer to int	FirmwareIHM_v1_0_driver.c
warning: 1092	1506	Implicit conversion of pointer to int	FirmwareIHM_v1_0_driver.c
warning: 1092	1506	Implicit conversion of pointer to int	FirmwareIHM_v1_0_driver.c
warning: 1092	1506	Implicit conversion of pointer to int	FirmwareIHM_v1_0_driver.c
warning: 1092	1506	Implicit conversion of pointer to int	FirmwareIHM_v1_0_driver.c
warning: 1123	1506	Implicit conversion of pointer to int	FirmwareIHM_v1_0_driver.c
warning: 1123	1506	Implicit conversion of pointer to int	FirmwareIHM_v1_0_driver.c
warning: 1123	1506	Implicit conversion of pointer to int	FirmwareIHM_v1_0_driver.c
warning: 1123	1506	Implicit conversion of pointer to int	FirmwareIHM_v1_0_driver.c
warning: 1144	1506	Implicit conversion of pointer to int	FirmwareIHM_v1_0_driver.c
warning: 1144	1506	Implicit conversion of pointer to int	FirmwareIHM_v1_0_driver.c
warning: 1144	1506	Implicit conversion of pointer to int	FirmwareIHM_v1_0_driver.c
warning: 1144	1506	Implicit conversion of pointer to int	FirmwareIHM_v1_0_driver.c
warning: 1165	1506	Implicit conversion of pointer to int	FirmwareIHM_v1_0_driver.c
warning: 1165	1506	Implicit conversion of pointer to int	FirmwareIHM_v1_0_driver.c
warning: 1165	1506	Implicit conversion of pointer to int	FirmwareIHM_v1_0_driver.c
warning: 1165	1506	Implicit conversion of pointer to int	FirmwareIHM_v1_0_driver.c
warning: 1186	1506	Implicit conversion of pointer to int	FirmwareIHM_v1_0_driver.c
warning: 1186	1506	Implicit conversion of pointer to int	FirmwareIHM_v1_0_driver.c
warning: 1186	1506	Implicit conversion of pointer to int	FirmwareIHM_v1_0_driver.c
warning: 1186	1506	Implicit conversion of pointer to int	FirmwareIHM_v1_0_driver.c
warning: 1252	1506	Implicit conversion of pointer to int	FirmwareIHM_v1_0_driver.c
warning: 1252	1506	Implicit conversion of pointer to int	FirmwareIHM_v1_0_driver.c
warning: 1252	1506	Implicit conversion of pointer to int	FirmwareIHM_v1_0_driver.c
warning: 1252	1506	Implicit conversion of pointer to int	FirmwareIHM_v1_0_driver.c
warning: 1271	1506	Implicit conversion of pointer to int	FirmwareIHM_v1_0_driver.c
warning: 1271	1506	Implicit conversion of pointer to int	FirmwareIHM_v1_0_driver.c
warning: 1271	1506	Implicit conversion of pointer to int	FirmwareIHM_v1_0_driver.c
warning: 1271	1506	Implicit conversion of pointer to int	FirmwareIHM_v1_0_driver.c
warning: 1308	1506	Implicit conversion of pointer to int	FirmwareIHM_v1_0_driver.c
warning: 1308	1506	Implicit conversion of pointer to int	FirmwareIHM_v1_0_driver.c
warning: 1308	1506	Implicit conversion of pointer to int	FirmwareIHM_v1_0_driver.c
warning: 1347	1506	Implicit conversion of pointer to int	FirmwareIHM_v1_0_driver.c
warning: 1347	1506	Implicit conversion of pointer to int	FirmwareIHM_v1_0_driver.c
warning: 1347	1506	Implicit conversion of pointer to int	FirmwareIHM_v1_0_driver.c
warning: 1347	1506	Implicit conversion of pointer to int	FirmwareIHM_v1_0_driver.c
warning: 1368	1506	Implicit conversion of pointer to int	FirmwareIHM_v1_0_driver.c
warning: 1368	1506	Implicit conversion of pointer to int	FirmwareIHM_v1_0_driver.c
warning: 1368	1506	Implicit conversion of pointer to int	FirmwareIHM_v1_0_driver.c
warning: 1368	1506	Implicit conversion of pointer to int	FirmwareIHM_v1_0_driver.c
warning: 1389	1506	Implicit conversion of pointer to int	FirmwareIHM_v1_0_driver.c
warning: 1389	1506	Implicit conversion of pointer to int	FirmwareIHM_v1_0_driver.c
warning: 1389	1506	Implicit conversion of pointer to int	FirmwareIHM_v1_0_driver.c
warning: 1389	1506	Implicit conversion of pointer to int	FirmwareIHM_v1_0_driver.c
warning: 1410	1506	Implicit conversion of pointer to int	FirmwareIHM_v1_0_driver.c
warning: 1410	1506	Implicit conversion of pointer to int	FirmwareIHM_v1_0_driver.c
warning: 1410	1506	Implicit conversion of pointer to int	FirmwareIHM_v1_0_driver.c
warning: 1410	1506	Implicit conversion of pointer to int	FirmwareIHM_v1_0_driver.c
warning: 1468	1506	Implicit conversion of pointer to int	FirmwareIHM_v1_0_driver.c
warning: 1468	1506	Implicit conversion of pointer to int	FirmwareIHM_v1_0_driver.c
warning: 1468	1506	Implicit conversion of pointer to int	FirmwareIHM_v1_0_driver.c
warning: 1468	1506	Implicit conversion of pointer to int	FirmwareIHM_v1_0_driver.c
warning: 1487	1506	Implicit conversion of pointer to int	FirmwareIHM_v1_0_driver.c
warning: 1487	1506	Implicit conversion of pointer to int	FirmwareIHM_v1_0_driver.c
warning: 1487	1506	Implicit conversion of pointer to int	FirmwareIHM_v1_0_driver.c
warning: 1487	1506	Implicit conversion of pointer to int	FirmwareIHM_v1_0_driver.c
warning: 1521	1506	Implicit conversion of pointer to int	FirmwareIHM_v1_0_driver.c
warning: 1521	1506	Implicit conversion of pointer to int	FirmwareIHM_v1_0_driver.c
warning: 1521	1506	Implicit conversion of pointer to int	FirmwareIHM_v1_0_driver.c
warning: 1557	1506	Implicit conversion of pointer to int	FirmwareIHM_v1_0_driver.c
warning: 1557	1506	Implicit conversion of pointer to int	FirmwareIHM_v1_0_driver.c
warning: 1557	1506	Implicit conversion of pointer to int	FirmwareIHM_v1_0_driver.c
warning: 1557	1506	Implicit conversion of pointer to int	FirmwareIHM_v1_0_driver.c
warning: 1578	1506	Implicit conversion of pointer to int	FirmwareIHM_v1_0_driver.c
warning: 1578	1506	Implicit conversion of pointer to int	FirmwareIHM_v1_0_driver.c
warning: 1578	1506	Implicit conversion of pointer to int	FirmwareIHM_v1_0_driver.c
warning: 1578	1506	Implicit conversion of pointer to int	FirmwareIHM_v1_0_driver.c
warning: 1599	1506	Implicit conversion of pointer to int	FirmwareIHM_v1_0_driver.c
warning: 1599	1506	Implicit conversion of pointer to int	FirmwareIHM_v1_0_driver.c
warning: 1599	1506	Implicit conversion of pointer to int	FirmwareIHM_v1_0_driver.c
warning: 1599	1506	Implicit conversion of pointer to int	FirmwareIHM_v1_0_driver.c
warning: 1620	1506	Implicit conversion of pointer to int	FirmwareIHM_v1_0_driver.c
warning: 1620	1506	Implicit conversion of pointer to int	FirmwareIHM_v1_0_driver.c
warning: 1620	1506	Implicit conversion of pointer to int	FirmwareIHM_v1_0_driver.c
warning: 1620	1506	Implicit conversion of pointer to int	FirmwareIHM_v1_0_driver.c
warning: 1676	1506	Implicit conversion of pointer to int	FirmwareIHM_v1_0_driver.c
warning: 1676	1506	Implicit conversion of pointer to int	FirmwareIHM_v1_0_driver.c
warning: 1676	1506	Implicit conversion of pointer to int	FirmwareIHM_v1_0_driver.c
warning: 1676	1506	Implicit conversion of pointer to int	FirmwareIHM_v1_0_driver.c
warning: 1695	1506	Implicit conversion of pointer to int	FirmwareIHM_v1_0_driver.c
warning: 1695	1506	Implicit conversion of pointer to int	FirmwareIHM_v1_0_driver.c
warning: 1695	1506	Implicit conversion of pointer to int	FirmwareIHM_v1_0_driver.c
warning: 1695	1506	Implicit conversion of pointer to int	FirmwareIHM_v1_0_driver.c
warning: 1732	1506	Implicit conversion of pointer to int	FirmwareIHM_v1_0_driver.c
warning: 1732	1506	Implicit conversion of pointer to int	FirmwareIHM_v1_0_driver.c
warning: 1732	1506	Implicit conversion of pointer to int	FirmwareIHM_v1_0_driver.c
warning: 1774	1506	Implicit conversion of pointer to int	FirmwareIHM_v1_0_driver.c
warning: 1774	1506	Implicit conversion of pointer to int	FirmwareIHM_v1_0_driver.c
warning: 1774	1506	Implicit conversion of pointer to int	FirmwareIHM_v1_0_driver.c
warning: 1774	1506	Implicit conversion of pointer to int	FirmwareIHM_v1_0_driver.c
warning: 1795	1506	Implicit conversion of pointer to int	FirmwareIHM_v1_0_driver.c
warning: 1795	1506	Implicit conversion of pointer to int	FirmwareIHM_v1_0_driver.c
warning: 1795	1506	Implicit conversion of pointer to int	FirmwareIHM_v1_0_driver.c
warning: 1795	1506	Implicit conversion of pointer to int	FirmwareIHM_v1_0_driver.c
warning: 1816	1506	Implicit conversion of pointer to int	FirmwareIHM_v1_0_driver.c
warning: 1816	1506	Implicit conversion of pointer to int	FirmwareIHM_v1_0_driver.c
warning: 1816	1506	Implicit conversion of pointer to int	FirmwareIHM_v1_0_driver.c
warning: 1816	1506	Implicit conversion of pointer to int	FirmwareIHM_v1_0_driver.c
warning: 1837	1506	Implicit conversion of pointer to int	FirmwareIHM_v1_0_driver.c
warning: 1837	1506	Implicit conversion of pointer to int	FirmwareIHM_v1_0_driver.c
warning: 1837	1506	Implicit conversion of pointer to int	FirmwareIHM_v1_0_driver.c
warning: 1837	1506	Implicit conversion of pointer to int	FirmwareIHM_v1_0_driver.c
warning: 1903	1506	Implicit conversion of pointer to int	FirmwareIHM_v1_0_driver.c
warning: 1903	1506	Implicit conversion of pointer to int	FirmwareIHM_v1_0_driver.c
warning: 1903	1506	Implicit conversion of pointer to int	FirmwareIHM_v1_0_driver.c
warning: 1937	1506	Implicit conversion of pointer to int	FirmwareIHM_v1_0_driver.c
warning: 1937	1506	Implicit conversion of pointer to int	FirmwareIHM_v1_0_driver.c
warning: 1937	1506	Implicit conversion of pointer to int	FirmwareIHM_v1_0_driver.c
warning: 1971	1506	Implicit conversion of pointer to int	FirmwareIHM_v1_0_driver.c
warning: 1971	1506	Implicit conversion of pointer to int	FirmwareIHM_v1_0_driver.c
warning: 1971	1506	Implicit conversion of pointer to int	FirmwareIHM_v1_0_driver.c
warning: 2005	1506	Implicit conversion of pointer to int	FirmwareIHM_v1_0_driver.c
warning: 2005	1506	Implicit conversion of pointer to int	FirmwareIHM_v1_0_driver.c
warning: 2005	1506	Implicit conversion of pointer to int	FirmwareIHM_v1_0_driver.c
warning: 2039	1506	Implicit conversion of pointer to int	FirmwareIHM_v1_0_driver.c
warning: 2039	1506	Implicit conversion of pointer to int	FirmwareIHM_v1_0_driver.c
warning: 2039	1506	Implicit conversion of pointer to int	FirmwareIHM_v1_0_driver.c
warning: 2073	1506	Implicit conversion of pointer to int	FirmwareIHM_v1_0_driver.c
warning: 2073	1506	Implicit conversion of pointer to int	FirmwareIHM_v1_0_driver.c
warning: 2073	1506	Implicit conversion of pointer to int	FirmwareIHM_v1_0_driver.c
warning: 2107	1506	Implicit conversion of pointer to int	FirmwareIHM_v1_0_driver.c
warning: 2107	1506	Implicit conversion of pointer to int	FirmwareIHM_v1_0_driver.c
warning: 2107	1506	Implicit conversion of pointer to int	FirmwareIHM_v1_0_driver.c
warning: 2141	1506	Implicit conversion of pointer to int	FirmwareIHM_v1_0_driver.c
warning: 2141	1506	Implicit conversion of pointer to int	FirmwareIHM_v1_0_driver.c
warning: 2141	1506	Implicit conversion of pointer to int	FirmwareIHM_v1_0_driver.c
warning: 2175	1506	Implicit conversion of pointer to int	FirmwareIHM_v1_0_driver.c
warning: 2175	1506	Implicit conversion of pointer to int	FirmwareIHM_v1_0_driver.c
warning: 2175	1506	Implicit conversion of pointer to int	FirmwareIHM_v1_0_driver.c
warning: 2209	1506	Implicit conversion of pointer to int	FirmwareIHM_v1_0_driver.c
warning: 2209	1506	Implicit conversion of pointer to int	FirmwareIHM_v1_0_driver.c
warning: 2209	1506	Implicit conversion of pointer to int	FirmwareIHM_v1_0_driver.c
warning: 2243	1506	Implicit conversion of pointer to int	FirmwareIHM_v1_0_driver.c
warning: 2243	1506	Implicit conversion of pointer to int	FirmwareIHM_v1_0_driver.c
warning: 2243	1506	Implicit conversion of pointer to int	FirmwareIHM_v1_0_driver.c
warning: 2277	1506	Implicit conversion of pointer to int	FirmwareIHM_v1_0_driver.c
warning: 2277	1506	Implicit conversion of pointer to int	FirmwareIHM_v1_0_driver.c
warning: 2277	1506	Implicit conversion of pointer to int	FirmwareIHM_v1_0_driver.c
warning: 2311	1506	Implicit conversion of pointer to int	FirmwareIHM_v1_0_driver.c
warning: 2311	1506	Implicit conversion of pointer to int	FirmwareIHM_v1_0_driver.c
warning: 2311	1506	Implicit conversion of pointer to int	FirmwareIHM_v1_0_driver.c
warning: 2338	1506	Implicit conversion of pointer to int	FirmwareIHM_v1_0_driver.c
warning: 2338	1506	Implicit conversion of pointer to int	FirmwareIHM_v1_0_driver.c
warning: 2338	1506	Implicit conversion of pointer to int	FirmwareIHM_v1_0_driver.c
warning: 2338	1506	Implicit conversion of pointer to int	FirmwareIHM_v1_0_driver.c
warning: 2357	1506	Implicit conversion of pointer to int	FirmwareIHM_v1_0_driver.c
warning: 2357	1506	Implicit conversion of pointer to int	FirmwareIHM_v1_0_driver.c
warning: 2357	1506	Implicit conversion of pointer to int	FirmwareIHM_v1_0_driver.c
warning: 2357	1506	Implicit conversion of pointer to int	FirmwareIHM_v1_0_driver.c
warning: 2391	1506	Implicit conversion of pointer to int	FirmwareIHM_v1_0_driver.c
warning: 2391	1506	Implicit conversion of pointer to int	FirmwareIHM_v1_0_driver.c
warning: 2391	1506	Implicit conversion of pointer to int	FirmwareIHM_v1_0_driver.c
warning: 2415	1506	Implicit conversion of pointer to int	FirmwareIHM_v1_0_driver.c
warning: 2415	1506	Implicit conversion of pointer to int	FirmwareIHM_v1_0_driver.c
warning: 2415	1506	Implicit conversion of pointer to int	FirmwareIHM_v1_0_driver.c
warning: 2415	1506	Implicit conversion of pointer to int	FirmwareIHM_v1_0_driver.c
warning: 2442	1506	Implicit conversion of pointer to int	FirmwareIHM_v1_0_driver.c
warning: 2442	1506	Implicit conversion of pointer to int	FirmwareIHM_v1_0_driver.c
warning: 2442	1506	Implicit conversion of pointer to int	FirmwareIHM_v1_0_driver.c
warning: 2442	1506	Implicit conversion of pointer to int	FirmwareIHM_v1_0_driver.c
warning: 2512	1506	Implicit conversion of pointer to int	FirmwareIHM_v1_0_driver.c
warning: 2512	1506	Implicit conversion of pointer to int	FirmwareIHM_v1_0_driver.c
warning: 2512	1506	Implicit conversion of pointer to int	FirmwareIHM_v1_0_driver.c
warning: 2512	1506	Implicit conversion of pointer to int	FirmwareIHM_v1_0_driver.c
warning: 2543	1506	Implicit conversion of pointer to int	FirmwareIHM_v1_0_driver.c
warning: 2543	1506	Implicit conversion of pointer to int	FirmwareIHM_v1_0_driver.c
warning: 2543	1506	Implicit conversion of pointer to int	FirmwareIHM_v1_0_driver.c
warning: 2543	1506	Implicit conversion of pointer to int	FirmwareIHM_v1_0_driver.c
warning: 2564	1506	Implicit conversion of pointer to int	FirmwareIHM_v1_0_driver.c
warning: 2564	1506	Implicit conversion of pointer to int	FirmwareIHM_v1_0_driver.c
warning: 2564	1506	Implicit conversion of pointer to int	FirmwareIHM_v1_0_driver.c
warning: 2564	1506	Implicit conversion of pointer to int	FirmwareIHM_v1_0_driver.c
warning: 2585	1506	Implicit conversion of pointer to int	FirmwareIHM_v1_0_driver.c
warning: 2585	1506	Implicit conversion of pointer to int	FirmwareIHM_v1_0_driver.c
warning: 2585	1506	Implicit conversion of pointer to int	FirmwareIHM_v1_0_driver.c
warning: 2585	1506	Implicit conversion of pointer to int	FirmwareIHM_v1_0_driver.c
warning: 2606	1506	Implicit conversion of pointer to int	FirmwareIHM_v1_0_driver.c
warning: 2606	1506	Implicit conversion of pointer to int	FirmwareIHM_v1_0_driver.c
warning: 2606	1506	Implicit conversion of pointer to int	FirmwareIHM_v1_0_driver.c
warning: 2606	1506	Implicit conversion of pointer to int	FirmwareIHM_v1_0_driver.c
warning: 2673	1506	Implicit conversion of pointer to int	FirmwareIHM_v1_0_driver.c
warning: 2673	1506	Implicit conversion of pointer to int	FirmwareIHM_v1_0_driver.c
warning: 2673	1506	Implicit conversion of pointer to int	FirmwareIHM_v1_0_driver.c
warning: 2700	1506	Implicit conversion of pointer to int	FirmwareIHM_v1_0_driver.c
warning: 2700	1506	Implicit conversion of pointer to int	FirmwareIHM_v1_0_driver.c
warning: 2700	1506	Implicit conversion of pointer to int	FirmwareIHM_v1_0_driver.c
warning: 2700	1506	Implicit conversion of pointer to int	FirmwareIHM_v1_0_driver.c
warning: 2731	1506	Implicit conversion of pointer to int	FirmwareIHM_v1_0_driver.c
warning: 2731	1506	Implicit conversion of pointer to int	FirmwareIHM_v1_0_driver.c
warning: 2731	1506	Implicit conversion of pointer to int	FirmwareIHM_v1_0_driver.c
warning: 2731	1506	Implicit conversion of pointer to int	FirmwareIHM_v1_0_driver.c
warning: 2752	1506	Implicit conversion of pointer to int	FirmwareIHM_v1_0_driver.c
warning: 2752	1506	Implicit conversion of pointer to int	FirmwareIHM_v1_0_driver.c
warning: 2752	1506	Implicit conversion of pointer to int	FirmwareIHM_v1_0_driver.c
warning: 2752	1506	Implicit conversion of pointer to int	FirmwareIHM_v1_0_driver.c
warning: 2773	1506	Implicit conversion of pointer to int	FirmwareIHM_v1_0_driver.c
warning: 2773	1506	Implicit conversion of pointer to int	FirmwareIHM_v1_0_driver.c
warning: 2773	1506	Implicit conversion of pointer to int	FirmwareIHM_v1_0_driver.c
warning: 2773	1506	Implicit conversion of pointer to int	FirmwareIHM_v1_0_driver.c
warning: 2794	1506	Implicit conversion of pointer to int	FirmwareIHM_v1_0_driver.c
warning: 2794	1506	Implicit conversion of pointer to int	FirmwareIHM_v1_0_driver.c
warning: 2794	1506	Implicit conversion of pointer to int	FirmwareIHM_v1_0_driver.c
warning: 2794	1506	Implicit conversion of pointer to int	FirmwareIHM_v1_0_driver.c
warning: 2845	1506	Implicit conversion of pointer to int	FirmwareIHM_v1_0_driver.c
warning: 2845	1506	Implicit conversion of pointer to int	FirmwareIHM_v1_0_driver.c
warning: 2845	1506	Implicit conversion of pointer to int	FirmwareIHM_v1_0_driver.c
warning: 2845	1506	Implicit conversion of pointer to int	FirmwareIHM_v1_0_driver.c
warning: 2864	1506	Implicit conversion of pointer to int	FirmwareIHM_v1_0_driver.c
warning: 2864	1506	Implicit conversion of pointer to int	FirmwareIHM_v1_0_driver.c
warning: 2864	1506	Implicit conversion of pointer to int	FirmwareIHM_v1_0_driver.c
warning: 2864	1506	Implicit conversion of pointer to int	FirmwareIHM_v1_0_driver.c
warning: 2898	1506	Implicit conversion of pointer to int	FirmwareIHM_v1_0_driver.c
warning: 2898	1506	Implicit conversion of pointer to int	FirmwareIHM_v1_0_driver.c
warning: 2898	1506	Implicit conversion of pointer to int	FirmwareIHM_v1_0_driver.c
warning: 2931	1506	Implicit conversion of pointer to int	FirmwareIHM_v1_0_driver.c
warning: 2931	1506	Implicit conversion of pointer to int	FirmwareIHM_v1_0_driver.c
warning: 2931	1506	Implicit conversion of pointer to int	FirmwareIHM_v1_0_driver.c
warning: 2931	1506	Implicit conversion of pointer to int	FirmwareIHM_v1_0_driver.c
warning: 2952	1506	Implicit conversion of pointer to int	FirmwareIHM_v1_0_driver.c
warning: 2952	1506	Implicit conversion of pointer to int	FirmwareIHM_v1_0_driver.c
warning: 2952	1506	Implicit conversion of pointer to int	FirmwareIHM_v1_0_driver.c
warning: 2952	1506	Implicit conversion of pointer to int	FirmwareIHM_v1_0_driver.c
warning: 2973	1506	Implicit conversion of pointer to int	FirmwareIHM_v1_0_driver.c
warning: 2973	1506	Implicit conversion of pointer to int	FirmwareIHM_v1_0_driver.c
warning: 2973	1506	Implicit conversion of pointer to int	FirmwareIHM_v1_0_driver.c
warning: 2973	1506	Implicit conversion of pointer to int	FirmwareIHM_v1_0_driver.c
warning: 2994	1506	Implicit conversion of pointer to int	FirmwareIHM_v1_0_driver.c
warning: 2994	1506	Implicit conversion of pointer to int	FirmwareIHM_v1_0_driver.c
warning: 2994	1506	Implicit conversion of pointer to int	FirmwareIHM_v1_0_driver.c
warning: 2994	1506	Implicit conversion of pointer to int	FirmwareIHM_v1_0_driver.c
warning: 4458	1505	Suspicious pointer conversion	FirmwareIHM_v1_0_driver.c
warning: 4473	1505	Suspicious pointer conversion	FirmwareIHM_v1_0_driver.c
warning: 4493	1505	Suspicious pointer conversion	FirmwareIHM_v1_0_driver.c
diagnostics: 5525	123	Compiled Successfully	FirmwareIHM_v1_0_driver.c
hint: 4598	1164	Variable 'red_current' has been eliminated by optimizer	FirmwareIHM_v1_0_driver.c
hint: 4599	1164	Variable 'green_current' has been eliminated by optimizer	FirmwareIHM_v1_0_driver.c
hint: 4600	1164	Variable 'blue_current' has been eliminated by optimizer	FirmwareIHM_v1_0_driver.c
hint: 4641	1164	Variable 'endcolor' has been eliminated by optimizer	FirmwareIHM_v1_0_driver.c
hint: 4640	1164	Variable 'cnt' has been eliminated by optimizer	FirmwareIHM_v1_0_driver.c
hint: 4784	1164	Variable '_tmpI' has been eliminated by optimizer	FirmwareIHM_v1_0_driver.c
hint: 4784	1164	Variable '_tmpII' has been eliminated by optimizer	FirmwareIHM_v1_0_driver.c
diagnostics: 0	122	Compilation Started	FirmwareIHM_v1_0_resources.c
diagnostics: 1892	123	Compiled Successfully	FirmwareIHM_v1_0_resources.c
diagnostics: 0	127	All files Compiled in 1766 ms	 
hint: 0	1144	Used RX: 25 (78%)   Free RX: 7 (22%)	Used RX: 25 (78%)   Free RX: 7 (22%)
hint: 0	1144	Static RAM (bytes): 5170   Dynamic RAM (bytes): 125897	Static RAM (bytes): 5170   Dynamic RAM (bytes): 125897
hint: 0	1144	Used ROM (bytes): 99131 (19%)  Free ROM (bytes): 425157 (81%)	Used ROM (bytes): 99131 (19%)  Free ROM (bytes): 425157 (81%)
hint: 0	1144	Used BOOTROM (bytes): 320 (3%)  Free BOOTROM (bytes): 11953 (97%)	Used BOOTROM (bytes): 320 (3%)  Free BOOTROM (bytes): 11953 (97%)
diagnostics: 0	125	Project Linked Successfully	FirmwareIHM_v1_0.mcp32
diagnostics: 0	128	Linked in 875 ms	 
diagnostics: 0	129	Project 'FirmwareIHM_v1_0.mcp32' completed: 3031 ms	 
diagnostics: 0	103	Finished successfully: 17 set 2018, 12:59:13	FirmwareIHM_v1_0.mcp32
